2022-10-07 17:40:36,181 [INFO] Activator:177 - 


2022-10-07 17:40:36,182 [INFO] Activator:178 - !SESSION log4j initialized
2022-10-07 17:41:06,499 [INFO] Activator:177 - 


2022-10-07 17:41:06,500 [INFO] Activator:178 - !SESSION log4j initialized
2022-10-07 17:41:21,605 [INFO] McuFinderGlobals:44 - Set McuFinder mode to 2 (CubeIDE integrated)
2022-10-07 17:41:21,699 [INFO] ApplicationProperties:181 - Using Application install path: C:\ST\STM32CubeIDE_1.7.0\STM32CubeIDE\plugins\com.st.stm32cube.common.mx_6.6.1.202207061420
2022-10-07 17:41:21,712 [INFO] DbMcusXml:77 - Set database path to: C:\ST\STM32CubeIDE_1.7.0\STM32CubeIDE\plugins\com.st.stm32cube.common.mx_6.6.1.202207061420\\db\/mcu/
2022-10-07 17:41:21,723 [INFO] ApiDb:269 - Set plugin database path to: C:\ST\STM32CubeIDE_1.7.0\STM32CubeIDE\plugins\com.st.stm32cube.common.mx_6.6.1.202207061420\\db\/plugins/boardmanager/
2022-10-07 17:41:21,725 [WARN] ApiDb:254 - Overriding images path with different value:  => C:\ST\STM32CubeIDE_1.7.0\STM32CubeIDE\plugins\com.st.stm32cube.common.mx_6.6.1.202207061420\\db\/plugins/mcufinder/images/
2022-10-07 17:41:21,738 [INFO] ApiDb:249 - Set database path to: C:\Users\legolas\.stmcufinder\plugins\mcufinder//mcu/
2022-10-07 17:41:21,740 [INFO] DbMcusAds:124 - Set database path to: C:\Users\legolas\.stmcufinder\plugins\mcufinder//mcu/
2022-10-07 17:41:21,752 [INFO] CrossReferenceDbSqlite:201 - Set database path to: C:\Users\legolas\.stmcufinder\plugins\mcufinder//mcu/cs/
2022-10-07 17:41:21,854 [INFO] RulesReader:61 - Compatibility file has been processed (282 Rules)
2022-10-07 17:41:21,919 [INFO] DbMcusXml:77 - Set database path to: C:\ST\STM32CubeIDE_1.7.0\STM32CubeIDE\plugins\com.st.stm32cube.common.mx_6.6.1.202207061420\\db\/mcu/
2022-10-07 17:41:21,920 [INFO] ApiDb:269 - Set plugin database path to: C:\ST\STM32CubeIDE_1.7.0\STM32CubeIDE\plugins\com.st.stm32cube.common.mx_6.6.1.202207061420\\db\/plugins/boardmanager/
2022-10-07 17:41:21,920 [INFO] ApiDb:256 - Set plugin images path to: C:\ST\STM32CubeIDE_1.7.0\STM32CubeIDE\plugins\com.st.stm32cube.common.mx_6.6.1.202207061420\\db\/plugins/mcufinder/images/
2022-10-07 17:41:21,920 [WARN] DbFile:40 - Overriding database path with different value: C:\Users\legolas\.stmcufinder\plugins\mcufinder/ => C:\Users\legolas\.stmcufinder\plugins\mcufinder
2022-10-07 17:41:21,921 [INFO] ApiDb:249 - Set database path to: C:\Users\legolas\.stmcufinder\plugins\mcufinder//mcu/
2022-10-07 17:41:21,921 [WARN] DbFile:40 - Overriding database path with different value: C:\Users\legolas\.stmcufinder\plugins\mcufinder/ => C:\Users\legolas\.stmcufinder\plugins\mcufinder
2022-10-07 17:41:21,921 [INFO] DbMcusAds:124 - Set database path to: C:\Users\legolas\.stmcufinder\plugins\mcufinder//mcu/
2022-10-07 17:41:21,922 [WARN] DbFile:40 - Overriding database path with different value: C:\Users\legolas\.stmcufinder\plugins\mcufinder/ => C:\Users\legolas\.stmcufinder\plugins\mcufinder
2022-10-07 17:41:21,922 [WARN] DbFile:40 - Overriding database path with different value: C:\Users\legolas\.stmcufinder\plugins\mcufinder/ => C:\Users\legolas\.stmcufinder\plugins\mcufinder
2022-10-07 17:41:21,922 [INFO] CrossReferenceDbSqlite:201 - Set database path to: C:\Users\legolas\.stmcufinder\plugins\mcufinder//mcu/cs/
2022-10-07 17:41:21,986 [INFO] MainPanel:242 - HeapMemory: 268435456
2022-10-07 17:41:22,058 [INFO] DbMcusXml:77 - Set database path to: C:\ST\STM32CubeIDE_1.7.0\STM32CubeIDE\plugins\com.st.stm32cube.common.mx_6.6.1.202207061420\\db\/mcu/
2022-10-07 17:41:22,059 [INFO] ApiDb:269 - Set plugin database path to: C:\ST\STM32CubeIDE_1.7.0\STM32CubeIDE\plugins\com.st.stm32cube.common.mx_6.6.1.202207061420\\db\/plugins/boardmanager/
2022-10-07 17:41:22,059 [INFO] ApiDb:256 - Set plugin images path to: C:\ST\STM32CubeIDE_1.7.0\STM32CubeIDE\plugins\com.st.stm32cube.common.mx_6.6.1.202207061420\\db\/plugins/mcufinder/images/
2022-10-07 17:41:22,059 [WARN] DbFile:40 - Overriding database path with different value: C:\Users\legolas\.stmcufinder\plugins\mcufinder/ => C:\Users\legolas\.stmcufinder\plugins\mcufinder
2022-10-07 17:41:22,059 [INFO] ApiDb:249 - Set database path to: C:\Users\legolas\.stmcufinder\plugins\mcufinder//mcu/
2022-10-07 17:41:22,060 [WARN] DbFile:40 - Overriding database path with different value: C:\Users\legolas\.stmcufinder\plugins\mcufinder/ => C:\Users\legolas\.stmcufinder\plugins\mcufinder
2022-10-07 17:41:22,060 [INFO] DbMcusAds:124 - Set database path to: C:\Users\legolas\.stmcufinder\plugins\mcufinder//mcu/
2022-10-07 17:41:22,060 [WARN] DbFile:40 - Overriding database path with different value: C:\Users\legolas\.stmcufinder\plugins\mcufinder/ => C:\Users\legolas\.stmcufinder\plugins\mcufinder
2022-10-07 17:41:22,060 [WARN] DbFile:40 - Overriding database path with different value: C:\Users\legolas\.stmcufinder\plugins\mcufinder/ => C:\Users\legolas\.stmcufinder\plugins\mcufinder
2022-10-07 17:41:22,060 [INFO] CrossReferenceDbSqlite:201 - Set database path to: C:\Users\legolas\.stmcufinder\plugins\mcufinder//mcu/cs/
2022-10-07 17:41:22,077 [INFO] ApplicationProperties:181 - Using Application install path: C:\ST\STM32CubeIDE_1.7.0\STM32CubeIDE\plugins\com.st.stm32cube.common.mx_6.6.1.202207061420
2022-10-07 17:41:22,079 [INFO] PluginManage:193 - Search for loadable plugins [exclusion list=, ]
2022-10-07 17:41:22,080 [INFO] PluginManage:307 - Check plugin analytics
2022-10-07 17:41:22,218 [INFO] AnalyticsPlugin:262 - Accepted Software Licenses: 
2022-10-07 17:41:22,219 [INFO] AnalyticsPlugin:264 - Accepted CMSIS Pack Licenses: 
2022-10-07 17:41:22,219 [INFO] AnalyticsPlugin:266 - Accepted Firmware Licenses: 
2022-10-07 17:41:22,228 [INFO] PluginManage:356 - Loaded plugin analytics (category:tool,tabindex:-1)
2022-10-07 17:41:22,229 [INFO] PluginManage:307 - Check plugin cadmodel
2022-10-07 17:41:22,232 [INFO] CADModel:65 - Init CAD model plugin
2022-10-07 17:41:22,233 [INFO] PluginManage:356 - Loaded plugin cadmodel (category:power,tabindex:5)
2022-10-07 17:41:22,233 [INFO] PluginManage:307 - Check plugin clock
2022-10-07 17:41:22,241 [INFO] PluginManage:356 - Loaded plugin clock (category:base,tabindex:2)
2022-10-07 17:41:22,241 [INFO] PluginManage:307 - Check plugin ddr
2022-10-07 17:41:22,243 [INFO] PluginManage:356 - Loaded plugin ddr (category:tool,tabindex:6)
2022-10-07 17:41:22,243 [INFO] PluginManage:307 - Check plugin filemanager
2022-10-07 17:41:22,416 [INFO] PluginManage:356 - Loaded plugin filemanager (category:base,tabindex:10)
2022-10-07 17:41:22,417 [INFO] PluginManage:307 - Check plugin ipmanager
2022-10-07 17:41:22,423 [INFO] PluginManage:356 - Loaded plugin ipmanager (category:base,tabindex:5)
2022-10-07 17:41:22,423 [INFO] PluginManage:307 - Check plugin lpbam
2022-10-07 17:41:22,430 [INFO] PluginManage:356 - Loaded plugin lpbam (category:base,tabindex:0)
2022-10-07 17:41:22,431 [INFO] PluginManage:307 - Check plugin pinoutandconfiguration
2022-10-07 17:41:22,436 [INFO] PluginManage:356 - Loaded plugin pinoutandconfiguration (category:base,tabindex:1)
2022-10-07 17:41:22,436 [INFO] PluginManage:307 - Check plugin pinoutconfig
2022-10-07 17:41:22,459 [INFO] PluginManage:356 - Loaded plugin pinoutconfig (category:base,tabindex:0)
2022-10-07 17:41:22,459 [INFO] PluginManage:307 - Check plugin power
2022-10-07 17:41:22,470 [INFO] PluginManage:356 - Loaded plugin power (category:power,tabindex:4)
2022-10-07 17:41:22,471 [INFO] PluginManage:307 - Check plugin projectmanager
2022-10-07 17:41:22,486 [INFO] PluginManage:356 - Loaded plugin projectmanager (category:projectmanager,tabindex:3)
2022-10-07 17:41:22,486 [INFO] PluginManage:307 - Check plugin thirdparty
2022-10-07 17:41:22,596 [WARN] IntegrityCheckThread:82 - waiting for thirdparty lock release [integrity check]
2022-10-07 17:41:22,596 [INFO] PluginManage:356 - Loaded plugin thirdparty (category:base,tabindex:-1)
2022-10-07 17:41:22,597 [INFO] IntegrityCheckThread:84 - entering critical section [integrity check]
2022-10-07 17:41:22,597 [INFO] PluginManage:307 - Check plugin tools
2022-10-07 17:41:22,599 [INFO] ThirdPartyUpdaterWithRetryManager:70 - Updater plugin not ready yet. [1/15]
2022-10-07 17:41:22,600 [INFO] PluginManage:356 - Loaded plugin tools (category:base,tabindex:7)
2022-10-07 17:41:22,600 [INFO] PluginManage:307 - Check plugin tutovideos
2022-10-07 17:41:22,774 [INFO] PluginManage:356 - Loaded plugin tutovideos (category:base,tabindex:-1)
2022-10-07 17:41:22,775 [INFO] PluginManage:307 - Check plugin updater
2022-10-07 17:41:22,787 [INFO] PluginManage:356 - Loaded plugin updater (category:base,tabindex:12)
2022-10-07 17:41:22,788 [INFO] PluginManage:280 - PluginManage : Loaded plugins [15]
2022-10-07 17:41:23,017 [INFO] PinOutPanel:1468 - setPackage(No Configuration,No Configuration)
2022-10-07 17:41:23,086 [INFO] CADModel:98 - CPN selected for project level
2022-10-07 17:41:23,101 [INFO] IPUIPlugin:79 - create IPUIPlugin
2022-10-07 17:41:23,101 [INFO] PluginManager:217 - loadIPPluginJar : add adc
2022-10-07 17:41:23,104 [INFO] IPUIPlugin:79 - create IPUIPlugin
2022-10-07 17:41:23,105 [INFO] PluginManager:217 - loadIPPluginJar : add aes
2022-10-07 17:41:23,107 [INFO] IPUIPlugin:79 - create IPUIPlugin
2022-10-07 17:41:23,108 [INFO] PluginManager:217 - loadIPPluginJar : add can
2022-10-07 17:41:23,109 [INFO] IPUIPlugin:79 - create IPUIPlugin
2022-10-07 17:41:23,109 [INFO] PluginManager:217 - loadIPPluginJar : add comp
2022-10-07 17:41:23,112 [INFO] IPUIPlugin:79 - create IPUIPlugin
2022-10-07 17:41:23,112 [INFO] PluginManager:217 - loadIPPluginJar : add cryp
2022-10-07 17:41:23,115 [INFO] IPUIPlugin:79 - create IPUIPlugin
2022-10-07 17:41:23,115 [INFO] PluginManager:217 - loadIPPluginJar : add dfsdm
2022-10-07 17:41:23,120 [INFO] IPUIPlugin:79 - create IPUIPlugin
2022-10-07 17:41:23,121 [INFO] PluginManager:217 - loadIPPluginJar : add dma
2022-10-07 17:41:23,125 [INFO] IPUIPlugin:79 - create IPUIPlugin
2022-10-07 17:41:23,125 [INFO] PluginManager:217 - loadIPPluginJar : add dma3
2022-10-07 17:41:23,126 [INFO] IPUIPlugin:79 - create IPUIPlugin
2022-10-07 17:41:23,127 [INFO] PluginManager:217 - loadIPPluginJar : add fatfs
2022-10-07 17:41:23,130 [INFO] IPUIPlugin:79 - create IPUIPlugin
2022-10-07 17:41:23,131 [INFO] PluginManager:217 - loadIPPluginJar : add fmc
2022-10-07 17:41:23,135 [INFO] IPUIPlugin:79 - create IPUIPlugin
2022-10-07 17:41:23,136 [INFO] PluginManager:217 - loadIPPluginJar : add freertos
2022-10-07 17:41:23,137 [INFO] IPUIPlugin:79 - create IPUIPlugin
2022-10-07 17:41:23,137 [INFO] PluginManager:217 - loadIPPluginJar : add genericplugin
2022-10-07 17:41:23,139 [INFO] IPUIPlugin:79 - create IPUIPlugin
2022-10-07 17:41:23,139 [INFO] PluginManager:217 - loadIPPluginJar : add gfxmmu
2022-10-07 17:41:23,143 [INFO] IPUIPlugin:79 - create IPUIPlugin
2022-10-07 17:41:23,144 [INFO] PluginManager:217 - loadIPPluginJar : add gic
2022-10-07 17:41:23,147 [INFO] IPUIPlugin:79 - create IPUIPlugin
2022-10-07 17:41:23,147 [INFO] PluginManager:217 - loadIPPluginJar : add gpio
2022-10-07 17:41:23,149 [INFO] IPUIPlugin:79 - create IPUIPlugin
2022-10-07 17:41:23,149 [INFO] PluginManager:217 - loadIPPluginJar : add gtzc
2022-10-07 17:41:23,151 [INFO] IPUIPlugin:79 - create IPUIPlugin
2022-10-07 17:41:23,151 [INFO] PluginManager:217 - loadIPPluginJar : add hash
2022-10-07 17:41:23,154 [INFO] IPUIPlugin:79 - create IPUIPlugin
2022-10-07 17:41:23,154 [INFO] PluginManager:217 - loadIPPluginJar : add i2c
2022-10-07 17:41:23,156 [INFO] IPUIPlugin:79 - create IPUIPlugin
2022-10-07 17:41:23,156 [INFO] PluginManager:217 - loadIPPluginJar : add i2s
2022-10-07 17:41:23,160 [INFO] IPUIPlugin:79 - create IPUIPlugin
2022-10-07 17:41:23,160 [INFO] PluginManager:217 - loadIPPluginJar : add ipddr
2022-10-07 17:41:23,166 [INFO] IPUIPlugin:79 - create IPUIPlugin
2022-10-07 17:41:23,166 [INFO] PluginManager:217 - loadIPPluginJar : add linkedlist
2022-10-07 17:41:23,169 [INFO] IPUIPlugin:79 - create IPUIPlugin
2022-10-07 17:41:23,170 [INFO] PluginManager:217 - loadIPPluginJar : add lorawan
2022-10-07 17:41:23,171 [INFO] IPUIPlugin:79 - create IPUIPlugin
2022-10-07 17:41:23,172 [INFO] PluginManager:217 - loadIPPluginJar : add ltdc
2022-10-07 17:41:23,178 [INFO] IPUIPlugin:79 - create IPUIPlugin
2022-10-07 17:41:23,179 [INFO] PluginManager:217 - loadIPPluginJar : add mdma
2022-10-07 17:41:23,185 [INFO] IPUIPlugin:79 - create IPUIPlugin
2022-10-07 17:41:23,185 [INFO] PluginManager:217 - loadIPPluginJar : add nvic
2022-10-07 17:41:23,189 [INFO] IPUIPlugin:79 - create IPUIPlugin
2022-10-07 17:41:23,189 [INFO] PluginManager:217 - loadIPPluginJar : add opamp
2022-10-07 17:41:23,193 [INFO] IPUIPlugin:79 - create IPUIPlugin
2022-10-07 17:41:23,194 [INFO] PluginManager:217 - loadIPPluginJar : add openamp
2022-10-07 17:41:23,197 [INFO] IPUIPlugin:79 - create IPUIPlugin
2022-10-07 17:41:23,198 [INFO] PluginManager:217 - loadIPPluginJar : add pdm2pcm
2022-10-07 17:41:23,205 [INFO] IPUIPlugin:79 - create IPUIPlugin
2022-10-07 17:41:23,208 [INFO] PluginManager:217 - loadIPPluginJar : add plateformsettings
2022-10-07 17:41:23,211 [INFO] IPUIPlugin:79 - create IPUIPlugin
2022-10-07 17:41:23,211 [INFO] PluginManager:217 - loadIPPluginJar : add quadspi
2022-10-07 17:41:23,214 [INFO] IPUIPlugin:79 - create IPUIPlugin
2022-10-07 17:41:23,215 [INFO] PluginManager:217 - loadIPPluginJar : add resmgrutility
2022-10-07 17:41:23,218 [INFO] IPUIPlugin:79 - create IPUIPlugin
2022-10-07 17:41:23,218 [INFO] PluginManager:217 - loadIPPluginJar : add sai
2022-10-07 17:41:23,220 [INFO] IPUIPlugin:79 - create IPUIPlugin
2022-10-07 17:41:23,220 [INFO] PluginManager:217 - loadIPPluginJar : add spi
2022-10-07 17:41:23,225 [INFO] IPUIPlugin:79 - create IPUIPlugin
2022-10-07 17:41:23,225 [INFO] PluginManager:217 - loadIPPluginJar : add stm32_wpan
2022-10-07 17:41:23,227 [INFO] IPUIPlugin:79 - create IPUIPlugin
2022-10-07 17:41:23,227 [INFO] PluginManager:217 - loadIPPluginJar : add tim
2022-10-07 17:41:23,230 [INFO] IPUIPlugin:79 - create IPUIPlugin
2022-10-07 17:41:23,230 [INFO] PluginManager:217 - loadIPPluginJar : add touchsensing
2022-10-07 17:41:23,232 [INFO] IPUIPlugin:79 - create IPUIPlugin
2022-10-07 17:41:23,232 [INFO] PluginManager:217 - loadIPPluginJar : add tracer_emb
2022-10-07 17:41:23,234 [INFO] IPUIPlugin:79 - create IPUIPlugin
2022-10-07 17:41:23,234 [INFO] PluginManager:217 - loadIPPluginJar : add ts
2022-10-07 17:41:23,236 [INFO] IPUIPlugin:79 - create IPUIPlugin
2022-10-07 17:41:23,236 [INFO] PluginManager:217 - loadIPPluginJar : add tsc
2022-10-07 17:41:23,237 [INFO] IPUIPlugin:79 - create IPUIPlugin
2022-10-07 17:41:23,238 [INFO] PluginManager:217 - loadIPPluginJar : add ucpd
2022-10-07 17:41:23,240 [INFO] IPUIPlugin:79 - create IPUIPlugin
2022-10-07 17:41:23,240 [INFO] PluginManager:217 - loadIPPluginJar : add usart
2022-10-07 17:41:23,242 [INFO] IPUIPlugin:79 - create IPUIPlugin
2022-10-07 17:41:23,243 [INFO] PluginManager:217 - loadIPPluginJar : add usbx
2022-10-07 17:41:23,484 [FATAL] Updater:301 - Updater called before beeing initialized
2022-10-07 17:41:23,588 [FATAL] Updater:301 - Updater called before beeing initialized
2022-10-07 17:41:23,594 [INFO] DbMcusAds:52 - JSON generation date=Thu Sep 30 13:55:09 GMT+07:00 2021 (1632984909247)
2022-10-07 17:41:23,594 [FATAL] Updater:301 - Updater called before beeing initialized
2022-10-07 17:41:23,627 [WARN] DetailPanel:344 - Failed to get advertising image, set to default
2022-10-07 17:41:23,733 [FATAL] Updater:301 - Updater called before beeing initialized
2022-10-07 17:41:23,734 [FATAL] Updater:301 - Updater called before beeing initialized
2022-10-07 17:41:23,734 [FATAL] Updater:301 - Updater called before beeing initialized
2022-10-07 17:41:23,735 [WARN] DetailPanel:344 - Failed to get advertising image, set to default
2022-10-07 17:41:23,735 [FATAL] Updater:301 - Updater called before beeing initialized
2022-10-07 17:41:23,772 [ERROR] Updater:1105 - MainUpdater not yet initialized. External WinMGr cannot be set.
2022-10-07 17:41:23,774 [INFO] Updater:1041 - Updater Version found : 6.6.1
2022-10-07 17:41:23,787 [INFO] ApplicationProperties:181 - Using Application install path: C:\ST\STM32CubeIDE_1.7.0\STM32CubeIDE\plugins\com.st.stm32cube.common.mx_6.6.1.202207061420
2022-10-07 17:41:24,023 [INFO] MainUpdater:2768 - connection check result : 10
2022-10-07 17:41:24,024 [INFO] MainUpdater:280 - Updater Check For Update Now.
2022-10-07 17:41:24,025 [INFO] MicroXplorer:481 - Change Database Version : DB.6.0.60
2022-10-07 17:41:24,184 [INFO] CheckServerUpdateThread:119 - End of CheckServer Thread
2022-10-07 17:41:24,235 [INFO] MainUpdater:2768 - connection check result : 10
2022-10-07 17:41:24,426 [INFO] McuFinderGlobals:57 - Set McuFinderConnectedMode to true
2022-10-07 17:41:24,433 [INFO] MultiScanPanel:195 - Auto-refresh data requested => check proxy status ongoing
2022-10-07 17:41:24,437 [INFO] FinderPluginLoader:92 - Searching for filters in installed packs
2022-10-07 17:41:24,527 [INFO] ApiDb:576 - Connected to CubeFinder SQLite database (C:\Users\legolas\.stmcufinder\plugins\mcufinder\mcu\cube-finder-db.db)
2022-10-07 17:41:24,550 [INFO] ApiDb:663 - CubeFinder database Data Model version=2.1
2022-10-07 17:41:24,550 [INFO] ApiDb:664 - CubeFinder database Configuration version=3.0.32
2022-10-07 17:41:24,550 [INFO] ApiDb:665 - CubeFinder database generation date=2022-08-05 (1659688109)
2022-10-07 17:41:24,550 [INFO] ApiDb:666 - CubeFinder database FW Pack versions=[STM32Cube_FW_C0_V1.0.0, STM32Cube_FW_F4_V1.27.1, STM32Cube_FW_F7_V1.17.0, STM32Cube_FW_G0_V1.6.1, STM32Cube_FW_G4_V1.5.0, STM32Cube_FW_H7_V1.10.0, STM32Cube_FW_L5_V1.4.0, STM32Cube_FW_U5_V1.1.1, STM32Cube_FW_WB_V1.14.1, STM32Cube_FW_WL_V1.2.0, X-CUBE-ALGOBUILD_V1.3.0, X-CUBE-ALS_V1.0.1, X-CUBE-AZRTOS-F4_V1.1.0, X-CUBE-AZRTOS-F7_V1.1.0, X-CUBE-AZRTOS-G0_V1.1.0, X-CUBE-AZRTOS-G4_V1.0.0, X-CUBE-AZRTOS-H7_V2.1.0, X-CUBE-AZRTOS-L4_V1.0.0, X-CUBE-AZRTOS-L5_V1.0.0, X-CUBE-AZRTOS-WL_V1.0.0, X-CUBE-BLE1_V6.2.3, X-CUBE-BLE2_V3.3.0, X-CUBE-EEPRMA1_V3.1.1, X-CUBE-GNSS1_V6.0.0, X-CUBE-MEMS1_V9.1.0, X-CUBE-MEMS1_V9.3.0, X-CUBE-NFC4_V2.0.4, X-CUBE-NFC7_V1.0.0, X-CUBE-SFXS2LP1_V4.0.0, X-CUBE-SUBG2_V5.0.0]
2022-10-07 17:41:25,744 [WARN] PackLoader:242 - Cannot read IP mode file for STMicroelectronics.X-CUBE-GNSS1.6.0.0
2022-10-07 17:41:25,787 [WARN] PackLoader:242 - Cannot read IP mode file for STMicroelectronics.X-CUBE-AZRTOS-F4.1.1.0
2022-10-07 17:41:25,824 [WARN] PackLoader:242 - Cannot read IP mode file for STMicroelectronics.X-CUBE-AZRTOS-F7.1.1.0
2022-10-07 17:41:25,836 [WARN] PackLoader:242 - Cannot read IP mode file for STMicroelectronics.X-CUBE-BLE1.6.2.3
2022-10-07 17:41:25,843 [WARN] PackLoader:242 - Cannot read IP mode file for STMicroelectronics.X-CUBE-NFC4.2.0.4
2022-10-07 17:41:25,860 [WARN] PackLoader:242 - Cannot read IP mode file for STMicroelectronics.X-CUBE-TOF1.3.1.0
2022-10-07 17:41:25,875 [WARN] PackLoader:242 - Cannot read IP mode file for wolfSSL.I-CUBE-wolfSSL.5.5.0
2022-10-07 17:41:25,880 [WARN] PackLoader:242 - Cannot read IP mode file for STMicroelectronics.X-CUBE-NFC7.1.0.0
2022-10-07 17:41:25,946 [WARN] PackLoader:242 - Cannot read IP mode file for STMicroelectronics.X-CUBE-MEMS1.9.3.0
2022-10-07 17:41:26,133 [WARN] PackLoader:242 - Cannot read IP mode file for STMicroelectronics.X-CUBE-AI.7.2.0
2022-10-07 17:41:26,141 [WARN] PackLoader:242 - Cannot read IP mode file for STMicroelectronics.X-CUBE-SFXS2LP1.4.0.0
2022-10-07 17:41:26,146 [WARN] PackLoader:242 - Cannot read IP mode file for STMicroelectronics.X-CUBE-BLE2.3.3.0
2022-10-07 17:41:26,155 [WARN] PackLoader:242 - Cannot read IP mode file for STMicroelectronics.X-CUBE-DISPLAY.2.2.0
2022-10-07 17:41:26,164 [WARN] PackLoader:242 - Cannot read IP mode file for STMicroelectronics.X-CUBE-ISPU.1.0.0
2022-10-07 17:41:26,174 [WARN] PackLoader:242 - Cannot read IP mode file for RoweBots.I-CUBE-UNISONRTOS.5.5.0-4
2022-10-07 17:41:26,196 [WARN] PackLoader:242 - Cannot read IP mode file for STMicroelectronics.X-CUBE-AZRTOS-H7.2.1.0
2022-10-07 17:41:26,209 [WARN] PackLoader:242 - Cannot read IP mode file for STMicroelectronics.X-CUBE-BLEMGR.1.0.0
2022-10-07 17:41:26,219 [WARN] PackLoader:242 - Cannot read IP mode file for STMicroelectronics.X-CUBE-ALGOBUILD.1.3.0
2022-10-07 17:41:26,236 [WARN] PackLoader:242 - Cannot read IP mode file for STMicroelectronics.X-CUBE-AZRTOS-G0.1.1.0
2022-10-07 17:41:26,249 [WARN] PackLoader:242 - Cannot read IP mode file for STMicroelectronics.X-CUBE-SUBG2.5.0.0
2022-10-07 17:41:26,285 [WARN] PackLoader:242 - Cannot read IP mode file for SEGGER.I-CUBE-embOS.1.2.0
2022-10-07 17:41:26,337 [WARN] PackLoader:242 - Cannot read IP mode file for STMicroelectronics.FP-ATR-ASTRA1.1.1.1
2022-10-07 17:41:26,354 [WARN] PackLoader:242 - Cannot read IP mode file for STMicroelectronics.X-CUBE-AZRTOS-G4.1.0.0
2022-10-07 17:41:26,379 [WARN] PackLoader:242 - Cannot read IP mode file for STMicroelectronics.X-CUBE-AZRTOS-L4.1.0.0
2022-10-07 17:41:26,387 [WARN] PackLoader:242 - Cannot read IP mode file for emotas.I-CUBE-CANOPEN.1.1.2
2022-10-07 17:41:26,391 [WARN] PackLoader:242 - Cannot read IP mode file for STMicroelectronics.X-CUBE-TOUCHGFX.4.20.0
2022-10-07 17:41:26,400 [WARN] PackLoader:242 - Cannot read IP mode file for STMicroelectronics.X-CUBE-AZRTOS-WL.1.0.0
2022-10-07 17:41:26,405 [WARN] PackLoader:242 - Cannot read IP mode file for portGmbH.I-Cube-SoM-uGOAL.1.1.0
2022-10-07 17:41:26,409 [WARN] PackLoader:242 - Cannot read IP mode file for STMicroelectronics.X-CUBE-ALS.1.0.1
2022-10-07 17:41:26,426 [WARN] PackLoader:242 - Cannot read IP mode file for STMicroelectronics.X-CUBE-AZRTOS-L5.1.0.0
2022-10-07 17:41:26,434 [WARN] PackLoader:242 - Cannot read IP mode file for STMicroelectronics.X-CUBE-EEPRMA1.3.1.1
2022-10-07 17:41:26,436 [INFO] ThirdParty:929 - Integrity check success = true
2022-10-07 17:41:26,436 [INFO] IntegrityCheckThread:98 - exiting critical section [integrity check]
2022-10-07 17:41:26,436 [INFO] IntegrityCheckThread:101 - End integrity checks thread
2022-10-07 17:41:26,769 [INFO] ApiDb:239 - Found 138 in-development CPN: [B-WB1M-WPAN1, NUCLEO-C031C6, STEVAL-STWINBX1, STM320518-EVAL, STM32C0116-DK, STM32C011D6Y3TR, STM32C011D6Y6TR, STM32C011F4P3, STM32C011F4P6, STM32C011F4U3, STM32C011F4U6TR, STM32C011F6P3, STM32C011F6P6, STM32C011F6U3, STM32C011F6U6TR, STM32C011J4M3, STM32C011J4M6, STM32C011J6M3, STM32C011J6M6, STM32C0316-DK, STM32C031C4T3, STM32C031C4T6, STM32C031C4U3, STM32C031C4U6, STM32C031C6T3, STM32C031C6T6, STM32C031C6U3, STM32C031C6U6, STM32C031F4P3, STM32C031F4P6, STM32C031F6P3, STM32C031F6P6, STM32C031G4U3, STM32C031G4U6, STM32C031G6U3, STM32C031G6U6, STM32C031K4T3, STM32C031K4T6, STM32C031K4U3, STM32C031K4U6, STM32C031K6T3, STM32C031K6T6, STM32C031K6U3, STM32C031K6U6, STM32G071K8TXN, STM32G071K8UXN, STM32G081GBU6N, STM32G081KBT6N, STM32G081KBUXN, STM32G0B1CCT6N, STM32G0B1KCT6, STM32G0B1NEY6TR, STM32G0B1RCT6N, STM32G0C1CCT6, STM32G0C1CCT6N, STM32G0C1CCU6N, STM32G0C1CET6N, STM32G0C1CEU6N, STM32G0C1KCT6, STM32G0C1NEY6TR, STM32G0C1RCI6N, STM32G0C1RCT6N, STM32G0C1REI6N, STM32G0C1RET6N, STM32G0C1VCI6, STM32G0C1VEI6, STM32G471CCT6, STM32G471CCU6, STM32G471CET3, STM32G471CET6, STM32G471CEU3, STM32G471CEU6, STM32G471MCT6, STM32G471MET3, STM32G471MET6, STM32G471MEY6TR, STM32G471QCT6, STM32G471QET3, STM32G471RCT6, STM32G471RET3, STM32G471RET6, STM32G471VCH6, STM32G471VCI6, STM32G471VCT6, STM32G471VEH3, STM32G471VEH6, STM32G471VEI3, STM32G471VEI6, STM32G471VET3, STM32G471VET6, STM32G474CCT6, STM32L476VGY6PTR, STM32L4R5QGI6STR, STM32MP131AAE3, STM32MP131AAF3, STM32MP131AAG3, STM32MP131CAE3, STM32MP131CAF3, STM32MP131CAG3, STM32MP131DAE7, STM32MP131DAF7, STM32MP131DAG7, STM32MP131FAE7, STM32MP131FAF7, STM32MP131FAG7, STM32MP133AAE3, STM32MP133AAF3, STM32MP133AAG3, STM32MP133CAE3, STM32MP133CAF3, STM32MP133CAG3, STM32MP133DAE7, STM32MP133DAF7, STM32MP133DAG7, STM32MP133FAE7, STM32MP133FAF7, STM32MP133FAG7, STM32MP135AAE3, STM32MP135AAF3, STM32MP135AAG3, STM32MP135CAE3, STM32MP135CAF3, STM32MP135CAG3, STM32MP135DAE7, STM32MP135DAF7, STM32MP135DAG7, STM32MP135F-DK, STM32MP135FAE7, STM32MP135FAF7, STM32MP135FAG7, STM32U595ZJT6Q, STM32U599BJY6QTR, STM32U599NIH6Q, STM32U599NJH6Q, STM32U5A5ZJT6Q, STM32U5A9BJY6QTR, STM32U5A9NJH6Q, STM32WB1MMCH6]
2022-10-07 17:41:26,773 [INFO] DbMcus:215 - Found 3542 MCUs, 3542 are supported
2022-10-07 17:41:26,776 [INFO] ApiDb:418 - Load user favorites file C:\Users\legolas/.stm32cubeide/favorites.mcus.txt: 0 item(s)
2022-10-07 17:41:26,776 [INFO] ApiDb:422 - User favorites MCUs=[]
2022-10-07 17:41:26,776 [INFO] DbMcus:221 - Set 0 / 0 favorites MCUs
2022-10-07 17:41:28,014 [INFO] LoadUrlFilesThread:177 - End of LoadServerUrlFiles without Thread
2022-10-07 17:41:28,039 [INFO] DetailPanel:339 - Set advertising image to C:/Users/legolas/STM32Cube/Repository/\en.Prom_NBSTM32U50921.jpg
2022-10-07 17:41:28,574 [INFO] ToolPreferences:109 - Table McuList, key=mcufinder_cubeide.mculist: column name not found=IO
2022-10-07 17:41:28,575 [INFO] ToolPreferences:109 - Table McuList, key=mcufinder_cubeide.mculist: column name not found=Freq.
2022-10-07 17:41:28,575 [INFO] MultiScanPanel:778 - Auto Refresh Data is not needed
2022-10-07 17:41:28,585 [INFO] ApiDb:663 - CubeFinder database Data Model version=2.1
2022-10-07 17:41:28,585 [INFO] ApiDb:664 - CubeFinder database Configuration version=3.0.32
2022-10-07 17:41:28,585 [INFO] ApiDb:665 - CubeFinder database generation date=2022-08-05 (1659688109)
2022-10-07 17:41:28,585 [INFO] ApiDb:666 - CubeFinder database FW Pack versions=[STM32Cube_FW_C0_V1.0.0, STM32Cube_FW_F4_V1.27.1, STM32Cube_FW_F7_V1.17.0, STM32Cube_FW_G0_V1.6.1, STM32Cube_FW_G4_V1.5.0, STM32Cube_FW_H7_V1.10.0, STM32Cube_FW_L5_V1.4.0, STM32Cube_FW_U5_V1.1.1, STM32Cube_FW_WB_V1.14.1, STM32Cube_FW_WL_V1.2.0, X-CUBE-ALGOBUILD_V1.3.0, X-CUBE-ALS_V1.0.1, X-CUBE-AZRTOS-F4_V1.1.0, X-CUBE-AZRTOS-F7_V1.1.0, X-CUBE-AZRTOS-G0_V1.1.0, X-CUBE-AZRTOS-G4_V1.0.0, X-CUBE-AZRTOS-H7_V2.1.0, X-CUBE-AZRTOS-L4_V1.0.0, X-CUBE-AZRTOS-L5_V1.0.0, X-CUBE-AZRTOS-WL_V1.0.0, X-CUBE-BLE1_V6.2.3, X-CUBE-BLE2_V3.3.0, X-CUBE-EEPRMA1_V3.1.1, X-CUBE-GNSS1_V6.0.0, X-CUBE-MEMS1_V9.1.0, X-CUBE-MEMS1_V9.3.0, X-CUBE-NFC4_V2.0.4, X-CUBE-NFC7_V1.0.0, X-CUBE-SFXS2LP1_V4.0.0, X-CUBE-SUBG2_V5.0.0]
2022-10-07 17:41:28,654 [INFO] DbBoardsSqlite:227 - include board P-NUCLEO-WB55-NUCLEO as a kit item of type 'Nucleo-64'
2022-10-07 17:41:28,654 [INFO] DbBoardsSqlite:227 - include board P-NUCLEO-WB55-USBDONGLE as a kit item of type 'Nucleo USB Dongle'
2022-10-07 17:41:28,655 [INFO] DbBoardsSqlite:227 - include board STEVAL-IDP005V1 as a kit item of type 'Evaluation Board'
2022-10-07 17:41:28,655 [INFO] DbBoardsSqlite:227 - include board STEVAL-IDP005V2 as a kit item of type 'Evaluation Board'
2022-10-07 17:41:28,667 [INFO] ApiDb:239 - Found 138 in-development CPN: [B-WB1M-WPAN1, NUCLEO-C031C6, STEVAL-STWINBX1, STM320518-EVAL, STM32C0116-DK, STM32C011D6Y3TR, STM32C011D6Y6TR, STM32C011F4P3, STM32C011F4P6, STM32C011F4U3, STM32C011F4U6TR, STM32C011F6P3, STM32C011F6P6, STM32C011F6U3, STM32C011F6U6TR, STM32C011J4M3, STM32C011J4M6, STM32C011J6M3, STM32C011J6M6, STM32C0316-DK, STM32C031C4T3, STM32C031C4T6, STM32C031C4U3, STM32C031C4U6, STM32C031C6T3, STM32C031C6T6, STM32C031C6U3, STM32C031C6U6, STM32C031F4P3, STM32C031F4P6, STM32C031F6P3, STM32C031F6P6, STM32C031G4U3, STM32C031G4U6, STM32C031G6U3, STM32C031G6U6, STM32C031K4T3, STM32C031K4T6, STM32C031K4U3, STM32C031K4U6, STM32C031K6T3, STM32C031K6T6, STM32C031K6U3, STM32C031K6U6, STM32G071K8TXN, STM32G071K8UXN, STM32G081GBU6N, STM32G081KBT6N, STM32G081KBUXN, STM32G0B1CCT6N, STM32G0B1KCT6, STM32G0B1NEY6TR, STM32G0B1RCT6N, STM32G0C1CCT6, STM32G0C1CCT6N, STM32G0C1CCU6N, STM32G0C1CET6N, STM32G0C1CEU6N, STM32G0C1KCT6, STM32G0C1NEY6TR, STM32G0C1RCI6N, STM32G0C1RCT6N, STM32G0C1REI6N, STM32G0C1RET6N, STM32G0C1VCI6, STM32G0C1VEI6, STM32G471CCT6, STM32G471CCU6, STM32G471CET3, STM32G471CET6, STM32G471CEU3, STM32G471CEU6, STM32G471MCT6, STM32G471MET3, STM32G471MET6, STM32G471MEY6TR, STM32G471QCT6, STM32G471QET3, STM32G471RCT6, STM32G471RET3, STM32G471RET6, STM32G471VCH6, STM32G471VCI6, STM32G471VCT6, STM32G471VEH3, STM32G471VEH6, STM32G471VEI3, STM32G471VEI6, STM32G471VET3, STM32G471VET6, STM32G474CCT6, STM32L476VGY6PTR, STM32L4R5QGI6STR, STM32MP131AAE3, STM32MP131AAF3, STM32MP131AAG3, STM32MP131CAE3, STM32MP131CAF3, STM32MP131CAG3, STM32MP131DAE7, STM32MP131DAF7, STM32MP131DAG7, STM32MP131FAE7, STM32MP131FAF7, STM32MP131FAG7, STM32MP133AAE3, STM32MP133AAF3, STM32MP133AAG3, STM32MP133CAE3, STM32MP133CAF3, STM32MP133CAG3, STM32MP133DAE7, STM32MP133DAF7, STM32MP133DAG7, STM32MP133FAE7, STM32MP133FAF7, STM32MP133FAG7, STM32MP135AAE3, STM32MP135AAF3, STM32MP135AAG3, STM32MP135CAE3, STM32MP135CAF3, STM32MP135CAG3, STM32MP135DAE7, STM32MP135DAF7, STM32MP135DAG7, STM32MP135F-DK, STM32MP135FAE7, STM32MP135FAF7, STM32MP135FAG7, STM32U595ZJT6Q, STM32U599BJY6QTR, STM32U599NIH6Q, STM32U599NJH6Q, STM32U5A5ZJT6Q, STM32U5A9BJY6QTR, STM32U5A9NJH6Q, STM32WB1MMCH6]
2022-10-07 17:41:28,802 [INFO] BoardInfo:879 - No configuration file found for board P-NUCLEO-WB55
2022-10-07 17:41:28,802 [INFO] DbBoards:156 - Kit is not supported: P-NUCLEO-WB55
2022-10-07 17:41:28,807 [INFO] BoardInfo:879 - No configuration file found for board STEVAL-BFA001V1B
2022-10-07 17:41:28,808 [INFO] DbBoards:156 - Kit is not supported: STEVAL-BFA001V1B
2022-10-07 17:41:28,809 [INFO] BoardInfo:879 - No configuration file found for board STEVAL-BFA001V2B
2022-10-07 17:41:28,809 [INFO] DbBoards:156 - Kit is not supported: STEVAL-BFA001V2B
2022-10-07 17:41:28,955 [INFO] DbBoards:160 - Found 176 boards, 173 are supported
2022-10-07 17:41:28,961 [INFO] ApiDb:409 - User favorites file not found: C:\Users\legolas/.stm32cubeide/favorites.boards.txt
2022-10-07 17:41:28,961 [INFO] DbBoards:189 - Set 0 / 0 favorites Boards
2022-10-07 17:41:31,150 [ERROR] LogOutputStream:74 - [STDERR_REDIRECT] SLF4J: Failed to load class "org.slf4j.impl.StaticLoggerBinder".
2022-10-07 17:41:31,151 [ERROR] LogOutputStream:74 - [STDERR_REDIRECT] SLF4J: Defaulting to no-operation (NOP) logger implementation
2022-10-07 17:41:31,152 [ERROR] LogOutputStream:74 - [STDERR_REDIRECT] SLF4J: See http://www.slf4j.org/codes.html#StaticLoggerBinder for further details.
2022-10-07 17:41:49,490 [INFO] MainUpdater:2768 - connection check result : 10
2022-10-07 17:41:49,490 [INFO] MainUpdater:2768 - connection check result : 10
2022-10-07 17:41:49,525 [INFO] MicroXplorer:451 - Change Database Path : 
2022-10-07 17:41:49,526 [INFO] MicroXplorer:481 - Change Database Version : DB.6.0.60
2022-10-07 17:41:49,526 [WARN] ThirdParty:827 - waiting for thirdparty lock release [close project]
2022-10-07 17:41:49,527 [INFO] ThirdParty:829 - entering critical section [close project]
2022-10-07 17:41:49,528 [INFO] ThirdParty:839 - exiting critical section [close project]
2022-10-07 17:41:49,534 [INFO] PinOutPanel:1468 - setPackage(No Configuration,No Configuration)
2022-10-07 17:41:49,543 [INFO] UtilMem:74 - Begin LoadConfig() Used Memory: 306230752 Bytes (361758720)
2022-10-07 17:41:49,546 [INFO] MicroXplorer:451 - Change Database Path : 
2022-10-07 17:41:49,546 [INFO] MicroXplorer:481 - Change Database Version : DB.6.0.60
2022-10-07 17:41:49,547 [INFO] OpenFileManager:307 - Change cursor
2022-10-07 17:41:49,666 [INFO] Mcu:1922 - Initializing MCU STM32F103C6Tx STM32F103C6Tx 
2022-10-07 17:41:49,667 [INFO] Mcu:1935 - No CPN specified => set CPN to STM32F103C6T6A
2022-10-07 17:41:50,490 [INFO] Context:654 - Trying to add GPIOservice into a context  which must be forbidden
2022-10-07 17:41:50,682 [INFO] ImportTextPane:193 - (OptionalMessage_ERROR) Unable to find key (Mcu.ThirdPartyNb) in loaded IOC file
2022-10-07 17:41:50,682 [INFO] ImportTextPane:193 - (OptionalMessage_ERROR) Unable to find key (Mcu.PinsNb) in loaded IOC file
2022-10-07 17:41:50,682 [INFO] ImportTextPane:193 - (OptionalMessage_ERROR) Unable to find key (Mcu.IPNb) in loaded IOC file
2022-10-07 17:41:50,735 [WARN] ApiManager:308 - Cannot register API 'Board Extension:GNSS1A1' from pack STMicroelectronics.X-CUBE-GNSS1.6.0.0: no header file found
2022-10-07 17:41:50,735 [WARN] ApiManager:308 - Cannot register API 'Board Support:Custom' from pack STMicroelectronics.X-CUBE-GNSS1.6.0.0: no header file found
2022-10-07 17:41:50,735 [WARN] ApiManager:308 - Cannot register API 'Data Exchange:lib_gnss' from pack STMicroelectronics.X-CUBE-GNSS1.6.0.0: no header file found
2022-10-07 17:41:50,747 [WARN] ApiManager:308 - Cannot register API 'Wireless:BlueNRG-MS' from pack STMicroelectronics.X-CUBE-BLE1.6.2.3: no header file found
2022-10-07 17:41:50,749 [INFO] RtosManager:488 - Registered RTOS mode: class=CMSIS, group=RTOS, mode=CMSIS_V1, owner=FREERTOS
2022-10-07 17:41:50,749 [INFO] RtosManager:488 - Registered RTOS mode: class=CMSIS, group=RTOS2, mode=CMSIS_V2, owner=FREERTOS
2022-10-07 17:41:50,750 [INFO] RtosManager:488 - Registered RTOS mode: class=RTOS, group=Core, mode=CMSIS_V1, owner=FREERTOS
2022-10-07 17:41:50,750 [INFO] RtosManager:488 - Registered RTOS mode: class=RTOS, group=Core, mode=CMSIS_V2, owner=FREERTOS
2022-10-07 17:41:50,750 [WARN] ModelIntegratedComponent:185 - Missing modes for component STMicroelectronics:FreeRTOS:0.0.1:STMicroelectronics:RTOS:FreeRTOS:Core:::10.2.0:
2022-10-07 17:41:50,754 [WARN] ApiManager:308 - Cannot register API 'Board Extension:S2868A1' from pack STMicroelectronics.X-CUBE-SUBG2.5.0.0: no header file found
2022-10-07 17:41:50,755 [WARN] ApiManager:308 - Cannot register API 'Board Extension:S2868A2' from pack STMicroelectronics.X-CUBE-SUBG2.5.0.0: no header file found
2022-10-07 17:41:50,755 [WARN] ApiManager:308 - Cannot register API 'Board Extension:S2915A1' from pack STMicroelectronics.X-CUBE-SUBG2.5.0.0: no header file found
2022-10-07 17:41:50,759 [WARN] ApiManager:308 - Cannot register API 'Board Extension:NFC04A1' from pack STMicroelectronics.X-CUBE-NFC4.2.0.4: no header file found
2022-10-07 17:41:50,767 [WARN] ModelIntegratedComponent:64 - No mode defined for component null
2022-10-07 17:41:50,768 [WARN] ModelIntegratedComponent:64 - No mode defined for component null
2022-10-07 17:41:50,768 [WARN] ModelIntegratedComponent:64 - No mode defined for component null
2022-10-07 17:41:50,768 [WARN] ModelIntegratedComponent:64 - No mode defined for component null
2022-10-07 17:41:50,768 [WARN] ModelIntegratedComponent:64 - No mode defined for component null
2022-10-07 17:41:50,768 [WARN] ModelIntegratedComponent:64 - No mode defined for component null
2022-10-07 17:41:50,768 [WARN] ModelIntegratedComponent:64 - No mode defined for component null
2022-10-07 17:41:50,768 [WARN] ModelIntegratedComponent:64 - No mode defined for component null
2022-10-07 17:41:50,768 [WARN] ModelIntegratedComponent:64 - No mode defined for component null
2022-10-07 17:41:50,768 [WARN] ModelIntegratedComponent:64 - No mode defined for component null
2022-10-07 17:41:50,768 [WARN] ModelIntegratedComponent:64 - No mode defined for component null
2022-10-07 17:41:50,768 [WARN] ModelIntegratedComponent:64 - No mode defined for component null
2022-10-07 17:41:50,769 [WARN] ModelIntegratedComponent:64 - No mode defined for component null
2022-10-07 17:41:50,769 [WARN] ModelIntegratedComponent:64 - No mode defined for component null
2022-10-07 17:41:50,769 [WARN] ModelIntegratedComponent:64 - No mode defined for component null
2022-10-07 17:41:50,769 [WARN] ModelIntegratedComponent:64 - No mode defined for component null
2022-10-07 17:41:50,769 [WARN] ModelIntegratedComponent:64 - No mode defined for component null
2022-10-07 17:41:50,769 [WARN] ModelIntegratedComponent:64 - No mode defined for component null
2022-10-07 17:41:50,769 [WARN] ModelIntegratedComponent:64 - No mode defined for component null
2022-10-07 17:41:50,769 [WARN] ModelIntegratedComponent:64 - No mode defined for component null
2022-10-07 17:41:50,769 [WARN] ModelIntegratedComponent:64 - No mode defined for component null
2022-10-07 17:41:50,769 [WARN] ModelIntegratedComponent:64 - No mode defined for component null
2022-10-07 17:41:50,769 [WARN] ModelIntegratedComponent:64 - No mode defined for component null
2022-10-07 17:41:50,769 [WARN] ModelIntegratedComponent:64 - No mode defined for component null
2022-10-07 17:41:50,770 [WARN] ModelIntegratedComponent:64 - No mode defined for component null
2022-10-07 17:41:50,770 [WARN] ModelIntegratedComponent:64 - No mode defined for component null
2022-10-07 17:41:50,770 [WARN] ModelIntegratedComponent:64 - No mode defined for component null
2022-10-07 17:41:50,770 [WARN] ModelIntegratedComponent:64 - No mode defined for component null
2022-10-07 17:41:50,770 [WARN] ModelIntegratedComponent:64 - No mode defined for component null
2022-10-07 17:41:50,770 [WARN] ModelIntegratedComponent:64 - No mode defined for component null
2022-10-07 17:41:50,770 [WARN] ModelIntegratedComponent:64 - No mode defined for component null
2022-10-07 17:41:50,770 [WARN] ModelIntegratedComponent:64 - No mode defined for component null
2022-10-07 17:41:50,770 [WARN] ModelIntegratedComponent:64 - No mode defined for component null
2022-10-07 17:41:50,773 [WARN] ApiManager:308 - Cannot register API 'Board Extension:NFC07A1' from pack STMicroelectronics.X-CUBE-NFC7.1.0.0: no header file found
2022-10-07 17:41:51,134 [WARN] ApiManager:308 - Cannot register API 'Board Extension:IKS01A3' from pack STMicroelectronics.X-CUBE-MEMS1.9.3.0: no header file found
2022-10-07 17:41:51,134 [WARN] ApiManager:308 - Cannot register API 'Board Extension:IKS01A2' from pack STMicroelectronics.X-CUBE-MEMS1.9.3.0: no header file found
2022-10-07 17:41:51,134 [WARN] ApiManager:308 - Cannot register API 'Board Extension:IKS02A1' from pack STMicroelectronics.X-CUBE-MEMS1.9.3.0: no header file found
2022-10-07 17:41:51,150 [WARN] ApiManager:308 - Cannot register API 'Board Extension:EEPRMA1' from pack STMicroelectronics.X-CUBE-EEPRMA1.3.1.1: no header file found
2022-10-07 17:41:51,150 [WARN] ApiManager:308 - Cannot register API 'Board Extension:EEPRMA2' from pack STMicroelectronics.X-CUBE-EEPRMA1.3.1.1: no header file found
2022-10-07 17:41:51,153 [WARN] ApiManager:308 - Cannot register API 'Board Extension:S2868A1' from pack STMicroelectronics.X-CUBE-SFXS2LP1.4.0.0: no header file found
2022-10-07 17:41:51,153 [WARN] ApiManager:308 - Cannot register API 'Board Extension:S2868A2' from pack STMicroelectronics.X-CUBE-SFXS2LP1.4.0.0: no header file found
2022-10-07 17:41:51,153 [WARN] ApiManager:308 - Cannot register API 'Board Extension:S2915A1' from pack STMicroelectronics.X-CUBE-SFXS2LP1.4.0.0: no header file found
2022-10-07 17:41:51,155 [WARN] ApiManager:308 - Cannot register API 'Wireless:BlueNRG-2' from pack STMicroelectronics.X-CUBE-BLE2.3.3.0: no header file found
2022-10-07 17:41:51,168 [INFO] ThirdPartyModel:289 - Start build external matchings
2022-10-07 17:41:51,891 [INFO] ThirdPartyModel:302 - End build external matchings
2022-10-07 17:41:52,148 [INFO] UtilMem:74 - End LoadConfig() Used Memory: 169870344 Bytes (361758720)
2022-10-07 17:41:52,178 [WARN] ThirdParty:789 - waiting for thirdparty lock release [change project]
2022-10-07 17:41:52,179 [INFO] ThirdParty:791 - entering critical section [change project]
2022-10-07 17:41:52,179 [INFO] ThirdParty:981 - CMSIS Pack Vendor :RoweBots I-CUBE-UNISONRTOS 5.5.0-4
2022-10-07 17:41:52,180 [INFO] ThirdParty:981 - CMSIS Pack Vendor :STMicroelectronics X-CUBE-GNSS1 6.0.0
2022-10-07 17:41:52,180 [INFO] ThirdParty:981 - CMSIS Pack Vendor :STMicroelectronics X-CUBE-AZRTOS-H7 2.1.0
2022-10-07 17:41:52,180 [INFO] ThirdParty:981 - CMSIS Pack Vendor :STMicroelectronics USB_HOST 2.0.0
2022-10-07 17:41:52,180 [INFO] ThirdParty:981 - CMSIS Pack Vendor :STMicroelectronics X-CUBE-AZRTOS-F4 1.1.0
2022-10-07 17:41:52,180 [INFO] ThirdParty:981 - CMSIS Pack Vendor :STMicroelectronics LIBJPEG 8.0.0
2022-10-07 17:41:52,181 [INFO] ThirdParty:981 - CMSIS Pack Vendor :STMicroelectronics USB_DEVICE 3.0.0
2022-10-07 17:41:52,181 [INFO] ThirdParty:981 - CMSIS Pack Vendor :STMicroelectronics X-CUBE-BLEMGR 1.0.0
2022-10-07 17:41:52,181 [INFO] ThirdParty:981 - CMSIS Pack Vendor :STMicroelectronics X-CUBE-AZRTOS-F7 1.1.0
2022-10-07 17:41:52,181 [INFO] ThirdParty:981 - CMSIS Pack Vendor :STMicroelectronics USB_DEVICE 2.0.0
2022-10-07 17:41:52,182 [INFO] ThirdParty:981 - CMSIS Pack Vendor :STMicroelectronics X-CUBE-BLE1 6.2.3
2022-10-07 17:41:52,183 [INFO] ThirdParty:981 - CMSIS Pack Vendor :STMicroelectronics X-CUBE-ALGOBUILD 1.3.0
2022-10-07 17:41:52,184 [INFO] ThirdParty:981 - CMSIS Pack Vendor :STMicroelectronics FreeRTOS 0.0.1
2022-10-07 17:41:52,184 [INFO] ThirdParty:981 - CMSIS Pack Vendor :STMicroelectronics X-CUBE-AZRTOS-G0 1.1.0
2022-10-07 17:41:52,184 [INFO] ThirdParty:981 - CMSIS Pack Vendor :STMicroelectronics X-CUBE-SUBG2 5.0.0
2022-10-07 17:41:52,185 [INFO] ThirdParty:981 - CMSIS Pack Vendor :SEGGER I-CUBE-embOS 1.2.0
2022-10-07 17:41:52,185 [INFO] ThirdParty:981 - CMSIS Pack Vendor :STMicroelectronics STM32_WPAN 1.0.0
2022-10-07 17:41:52,185 [INFO] ThirdParty:981 - CMSIS Pack Vendor :STMicroelectronics lwIP 2.0.3
2022-10-07 17:41:52,185 [INFO] ThirdParty:981 - CMSIS Pack Vendor :STMicroelectronics X-CUBE-NFC4 2.0.4
2022-10-07 17:41:52,185 [INFO] ThirdParty:981 - CMSIS Pack Vendor :STMicroelectronics USB_HOST 1.0.0
2022-10-07 17:41:52,185 [INFO] ThirdParty:981 - CMSIS Pack Vendor :STMicroelectronics PDM2PCM 3.1.0
2022-10-07 17:41:52,185 [INFO] ThirdParty:981 - CMSIS Pack Vendor :STMicroelectronics FP-ATR-ASTRA1 1.1.1
2022-10-07 17:41:52,186 [INFO] ThirdParty:981 - CMSIS Pack Vendor :STMicroelectronics PDM2PCM 3.3.0
2022-10-07 17:41:52,186 [INFO] ThirdParty:981 - CMSIS Pack Vendor :STMicroelectronics X-CUBE-TOF1 3.1.0
2022-10-07 17:41:52,186 [INFO] ThirdParty:981 - CMSIS Pack Vendor :STMicroelectronics X-CUBE-AZRTOS-G4 1.0.0
2022-10-07 17:41:52,186 [INFO] ThirdParty:981 - CMSIS Pack Vendor :STMicroelectronics X-CUBE-AZRTOS-L4 1.0.0
2022-10-07 17:41:52,186 [INFO] ThirdParty:981 - CMSIS Pack Vendor :wolfSSL I-CUBE-wolfSSL 5.5.0
2022-10-07 17:41:52,187 [INFO] ThirdParty:981 - CMSIS Pack Vendor :STMicroelectronics HAL Drivers 0.0.0
2022-10-07 17:41:52,187 [INFO] ThirdParty:981 - CMSIS Pack Vendor :STMicroelectronics MBEDTLS 2.16.2
2022-10-07 17:41:52,187 [INFO] ThirdParty:981 - CMSIS Pack Vendor :emotas I-CUBE-CANOPEN 1.1.2
2022-10-07 17:41:52,187 [INFO] ThirdParty:981 - CMSIS Pack Vendor :STMicroelectronics X-CUBE-TOUCHGFX 4.20.0
2022-10-07 17:41:52,187 [INFO] ThirdParty:981 - CMSIS Pack Vendor :STMicroelectronics MBEDTLS 2.14.1
2022-10-07 17:41:52,187 [INFO] ThirdParty:981 - CMSIS Pack Vendor :STMicroelectronics X-CUBE-NFC7 1.0.0
2022-10-07 17:41:52,187 [INFO] ThirdParty:981 - CMSIS Pack Vendor :STMicroelectronics X-CUBE-AZRTOS-WL 1.0.0
2022-10-07 17:41:52,187 [INFO] ThirdParty:981 - CMSIS Pack Vendor :STMicroelectronics X-CUBE-MEMS1 9.3.0
2022-10-07 17:41:52,187 [INFO] ThirdParty:981 - CMSIS Pack Vendor :portGmbH I-Cube-SoM-uGOAL 1.1.0
2022-10-07 17:41:52,187 [INFO] ThirdParty:981 - CMSIS Pack Vendor :STMicroelectronics X-CUBE-ALS 1.0.1
2022-10-07 17:41:52,188 [INFO] ThirdParty:981 - CMSIS Pack Vendor :STMicroelectronics X-CUBE-AI 7.2.0
2022-10-07 17:41:52,188 [INFO] ThirdParty:981 - CMSIS Pack Vendor :STMicroelectronics ThreadX 1.0.0
2022-10-07 17:41:52,188 [INFO] ThirdParty:981 - CMSIS Pack Vendor :STMicroelectronics X-CUBE-AZRTOS-L5 1.0.0
2022-10-07 17:41:52,188 [INFO] ThirdParty:981 - CMSIS Pack Vendor :STMicroelectronics USB_DEVICE 1.0.0
2022-10-07 17:41:52,188 [INFO] ThirdParty:981 - CMSIS Pack Vendor :STMicroelectronics X-CUBE-EEPRMA1 3.1.1
2022-10-07 17:41:52,188 [INFO] ThirdParty:981 - CMSIS Pack Vendor :STMicroelectronics ThreadX 0.0.2
2022-10-07 17:41:52,188 [INFO] ThirdParty:981 - CMSIS Pack Vendor :STMicroelectronics lwIP 2.1.2
2022-10-07 17:41:52,188 [INFO] ThirdParty:981 - CMSIS Pack Vendor :STMicroelectronics X-CUBE-SFXS2LP1 4.0.0
2022-10-07 17:41:52,189 [INFO] ThirdParty:981 - CMSIS Pack Vendor :STMicroelectronics X-CUBE-BLE2 3.3.0
2022-10-07 17:41:52,189 [INFO] ThirdParty:981 - CMSIS Pack Vendor :STMicroelectronics X-CUBE-DISPLAY 2.2.0
2022-10-07 17:41:52,189 [INFO] ThirdParty:981 - CMSIS Pack Vendor :STMicroelectronics PDM2PCM 3.2.0
2022-10-07 17:41:52,189 [INFO] ThirdParty:981 - CMSIS Pack Vendor :STMicroelectronics X-CUBE-ISPU 1.0.0
2022-10-07 17:41:52,189 [INFO] ThirdParty:797 - exiting critical section [change project]
2022-10-07 17:41:52,621 [INFO] PinOutPanel:1468 - setPackage(No Configuration,No Configuration)
2022-10-07 17:41:52,623 [INFO] PinOutPanel:1468 - setPackage(STM32F103C6Tx,LQFP48)
2022-10-07 17:41:53,538 [INFO] UtilMem:74 - Before build in PCC Used Memory: 225075680 Bytes (361758720)
2022-10-07 17:41:54,849 [INFO] UtilMem:74 - After build in PCC Used Memory: 191080224 Bytes (361758720)
2022-10-07 17:41:54,903 [INFO] IPUIPlugin:79 - create IPUIPlugin
2022-10-07 17:41:54,916 [INFO] IPUIPlugin:79 - create IPUIPlugin
2022-10-07 17:41:54,917 [INFO] IPUIPlugin:79 - create IPUIPlugin
2022-10-07 17:41:54,917 [INFO] IPUIPlugin:79 - create IPUIPlugin
2022-10-07 17:41:54,918 [INFO] IPUIPlugin:79 - create IPUIPlugin
2022-10-07 17:41:54,918 [INFO] IPUIPlugin:79 - create IPUIPlugin
2022-10-07 17:41:54,918 [INFO] IPUIPlugin:79 - create IPUIPlugin
2022-10-07 17:41:54,918 [INFO] IPUIPlugin:79 - create IPUIPlugin
2022-10-07 17:41:54,919 [INFO] IPUIPlugin:79 - create IPUIPlugin
2022-10-07 17:41:54,919 [INFO] IPUIPlugin:79 - create IPUIPlugin
2022-10-07 17:41:54,920 [INFO] IPUIPlugin:79 - create IPUIPlugin
2022-10-07 17:41:54,920 [INFO] IPUIPlugin:79 - create IPUIPlugin
2022-10-07 17:41:54,921 [INFO] IPUIPlugin:79 - create IPUIPlugin
2022-10-07 17:41:54,924 [INFO] IPUIPlugin:79 - create IPUIPlugin
2022-10-07 17:41:54,925 [INFO] IPUIPlugin:79 - create IPUIPlugin
2022-10-07 17:41:54,926 [INFO] IPUIPlugin:79 - create IPUIPlugin
2022-10-07 17:41:54,926 [INFO] IPUIPlugin:79 - create IPUIPlugin
2022-10-07 17:41:54,927 [INFO] IPUIPlugin:79 - create IPUIPlugin
2022-10-07 17:41:54,927 [INFO] IPUIPlugin:79 - create IPUIPlugin
2022-10-07 17:41:54,928 [INFO] IPUIPlugin:79 - create IPUIPlugin
2022-10-07 17:41:54,929 [INFO] IPUIPlugin:79 - create IPUIPlugin
2022-10-07 17:41:54,929 [INFO] IPUIPlugin:79 - create IPUIPlugin
2022-10-07 17:41:54,930 [INFO] IPUIPlugin:79 - create IPUIPlugin
2022-10-07 17:41:55,464 [INFO] OpenFileManager:327 - Restore cursor
2022-10-07 17:41:56,932 [INFO] UtilMem:74 - End SaveConfig() Used Memory: 275137424 Bytes (361758720)
2022-10-07 17:41:57,023 [INFO] UtilMem:74 - End SaveConfig() Used Memory: 284901896 Bytes (361758720)
2022-10-07 17:41:57,739 [INFO] BlockDiagram:2753 - set Specific Code input for plugin: NVIC
2022-10-07 17:41:57,739 [INFO] BlockDiagram:2753 - set Specific Code input for plugin: RCC
2022-10-07 17:41:57,741 [INFO] CodeGenerator:690 - code generatio: config db path: C:\ST\STM32CubeIDE_1.7.0\STM32CubeIDE\plugins\com.st.stm32cube.common.mx_6.6.1.202207061420\\db\
2022-10-07 17:41:58,460 [INFO] CodeEngine:245 - oldGeneratedFile, C:\Users\legolas\STM32CubeIDE\workspace_1.7.0\MCU\MCU_lab1\lab1_ex1\MXTmpFiles\license.tmp_save
2022-10-07 17:41:59,636 [INFO] CodeEngine:269 - Generated code: C:\Users\legolas\STM32CubeIDE\workspace_1.7.0\MCU\MCU_lab1\lab1_ex1\MXTmpFiles\license.tmp
2022-10-07 17:41:59,670 [INFO] CodeEngine:245 - oldGeneratedFile, C:\Users\legolas\STM32CubeIDE\workspace_1.7.0\MCU\MCU_lab1\lab1_ex1\Core\Src\stm32f1xx_it.c_save
2022-10-07 17:41:59,947 [INFO] CodeEngine:269 - Generated code: C:\Users\legolas\STM32CubeIDE\workspace_1.7.0\MCU\MCU_lab1\lab1_ex1\Core\Src\stm32f1xx_it.c
2022-10-07 17:41:59,960 [INFO] CodeEngine:245 - oldGeneratedFile, C:\Users\legolas\STM32CubeIDE\workspace_1.7.0\MCU\MCU_lab1\lab1_ex1\Core\Inc\stm32f1xx_it.h_save
2022-10-07 17:42:00,109 [INFO] CodeEngine:269 - Generated code: C:\Users\legolas\STM32CubeIDE\workspace_1.7.0\MCU\MCU_lab1\lab1_ex1\Core\Inc\stm32f1xx_it.h
2022-10-07 17:42:00,260 [INFO] CodeEngine:245 - oldGeneratedFile, C:\Users\legolas\STM32CubeIDE\workspace_1.7.0\MCU\MCU_lab1\lab1_ex1\Core\Src\stm32f1xx_hal_msp.c_save
2022-10-07 17:42:00,526 [INFO] CodeEngine:269 - Generated code: C:\Users\legolas\STM32CubeIDE\workspace_1.7.0\MCU\MCU_lab1\lab1_ex1\Core\Src\stm32f1xx_hal_msp.c
2022-10-07 17:42:00,561 [INFO] CodeEngine:245 - oldGeneratedFile, C:\Users\legolas\STM32CubeIDE\workspace_1.7.0\MCU\MCU_lab1\lab1_ex1\MXTmpFiles\system.tmp_save
2022-10-07 17:42:00,808 [INFO] CodeEngine:269 - Generated code: C:\Users\legolas\STM32CubeIDE\workspace_1.7.0\MCU\MCU_lab1\lab1_ex1\MXTmpFiles\system.tmp
2022-10-07 17:42:00,864 [INFO] CodeEngine:245 - oldGeneratedFile, C:\Users\legolas\STM32CubeIDE\workspace_1.7.0\MCU\MCU_lab1\lab1_ex1\Core\Inc\stm32f1xx_hal_conf.h_save
2022-10-07 17:42:01,139 [INFO] CodeEngine:269 - Generated code: C:\Users\legolas\STM32CubeIDE\workspace_1.7.0\MCU\MCU_lab1\lab1_ex1\Core\Inc\stm32f1xx_hal_conf.h
2022-10-07 17:42:01,276 [INFO] CodeEngine:245 - oldGeneratedFile, C:\Users\legolas\STM32CubeIDE\workspace_1.7.0\MCU\MCU_lab1\lab1_ex1\Core\Inc\main.h_save
2022-10-07 17:42:01,624 [INFO] CodeEngine:269 - Generated code: C:\Users\legolas\STM32CubeIDE\workspace_1.7.0\MCU\MCU_lab1\lab1_ex1\Core\Inc\main.h
2022-10-07 17:42:01,647 [INFO] CodeEngine:245 - oldGeneratedFile, C:\Users\legolas\STM32CubeIDE\workspace_1.7.0\MCU\MCU_lab1\lab1_ex1\Core\Src\main.c_save
2022-10-07 17:42:02,131 [INFO] CodeEngine:269 - Generated code: C:\Users\legolas\STM32CubeIDE\workspace_1.7.0\MCU\MCU_lab1\lab1_ex1\Core\Src\main.c
2022-10-07 17:42:04,142 [INFO] ProjectBuilder:2919 - Time for Copy HAL[1] : 489mS.
2022-10-07 17:42:04,166 [INFO] ProjectBuilder:4117 - Project Generator version: 3.17.1
2022-10-07 17:42:04,807 [INFO] ConfigFileManager:1394 - The Die is : DIE412
2022-10-07 17:42:04,855 [INFO] ApiDbMcu:505 - Load IP Config File for FATFS
2022-10-07 17:42:04,915 [INFO] ApiDbMcu:505 - Load IP Config File for FREERTOS
2022-10-07 17:42:05,021 [INFO] ApiDbMcu:505 - Load IP Config File for USB_DEVICE
2022-10-07 17:42:16,701 [INFO] ProjectBuilder:4285 - Time for Generating toolchain IDE Files: 12534mS.
2022-10-07 17:42:16,704 [INFO] ProjectBuilder:2790 - Time for Copy CMSIS : 1mS.
2022-10-07 17:42:16,710 [INFO] ProjectBuilder:2790 - Time for Copy CMSIS : 0mS.
2022-10-07 17:42:18,405 [INFO] McuFinderGlobals:57 - Set McuFinderConnectedMode to true
2022-10-07 17:42:18,410 [INFO] ApiDb:443 - Save user favorites file C:\Users\legolas/.stm32cubeide/favorites.mcus.txt: 0 item(s)
2022-10-07 17:42:18,413 [INFO] ApiDb:447 - User favorites MCUs=[]
2022-10-07 17:45:26,531 [INFO] UtilMem:74 - End SaveConfig() Used Memory: 505287200 Bytes (789577728)
2022-10-07 17:45:27,538 [INFO] UtilMem:74 - End SaveConfig() Used Memory: 440965240 Bytes (789577728)
2022-10-07 17:45:33,278 [INFO] UtilMem:74 - End SaveConfig() Used Memory: 534519984 Bytes (789577728)
2022-10-07 17:45:33,740 [INFO] BlockDiagram:2753 - set Specific Code input for plugin: NVIC
2022-10-07 17:45:33,740 [INFO] BlockDiagram:2753 - set Specific Code input for plugin: GPIO
2022-10-07 17:45:33,741 [INFO] BlockDiagram:2753 - set Specific Code input for plugin: RCC
2022-10-07 17:45:33,742 [INFO] CodeGenerator:690 - code generatio: config db path: C:\ST\STM32CubeIDE_1.7.0\STM32CubeIDE\plugins\com.st.stm32cube.common.mx_6.6.1.202207061420\\db\
2022-10-07 17:45:33,982 [INFO] CodeEngine:245 - oldGeneratedFile, C:\Users\legolas\STM32CubeIDE\workspace_1.7.0\MCU\MCU_lab1\lab1_ex1\MXTmpFiles\license.tmp_save
2022-10-07 17:45:34,128 [INFO] CodeEngine:269 - Generated code: C:\Users\legolas\STM32CubeIDE\workspace_1.7.0\MCU\MCU_lab1\lab1_ex1\MXTmpFiles\license.tmp
2022-10-07 17:45:34,234 [INFO] CodeEngine:245 - oldGeneratedFile, C:\Users\legolas\STM32CubeIDE\workspace_1.7.0\MCU\MCU_lab1\lab1_ex1\MXTmpFiles\gpio.tmp_save
2022-10-07 17:45:34,373 [INFO] CodeEngine:269 - Generated code: C:\Users\legolas\STM32CubeIDE\workspace_1.7.0\MCU\MCU_lab1\lab1_ex1\MXTmpFiles\gpio.tmp
2022-10-07 17:45:34,409 [INFO] CodeEngine:245 - oldGeneratedFile, C:\Users\legolas\STM32CubeIDE\workspace_1.7.0\MCU\MCU_lab1\lab1_ex1\Core\Src\stm32f1xx_it.c_save
2022-10-07 17:45:34,532 [INFO] CodeEngine:269 - Generated code: C:\Users\legolas\STM32CubeIDE\workspace_1.7.0\MCU\MCU_lab1\lab1_ex1\Core\Src\stm32f1xx_it.c
2022-10-07 17:45:34,538 [INFO] CodeEngine:245 - oldGeneratedFile, C:\Users\legolas\STM32CubeIDE\workspace_1.7.0\MCU\MCU_lab1\lab1_ex1\Core\Inc\stm32f1xx_it.h_save
2022-10-07 17:45:34,624 [INFO] CodeEngine:269 - Generated code: C:\Users\legolas\STM32CubeIDE\workspace_1.7.0\MCU\MCU_lab1\lab1_ex1\Core\Inc\stm32f1xx_it.h
2022-10-07 17:45:34,655 [INFO] CodeEngine:245 - oldGeneratedFile, C:\Users\legolas\STM32CubeIDE\workspace_1.7.0\MCU\MCU_lab1\lab1_ex1\Core\Src\stm32f1xx_hal_msp.c_save
2022-10-07 17:45:34,783 [INFO] CodeEngine:269 - Generated code: C:\Users\legolas\STM32CubeIDE\workspace_1.7.0\MCU\MCU_lab1\lab1_ex1\Core\Src\stm32f1xx_hal_msp.c
2022-10-07 17:45:34,789 [INFO] CodeEngine:245 - oldGeneratedFile, C:\Users\legolas\STM32CubeIDE\workspace_1.7.0\MCU\MCU_lab1\lab1_ex1\MXTmpFiles\system.tmp_save
2022-10-07 17:45:34,889 [INFO] CodeEngine:269 - Generated code: C:\Users\legolas\STM32CubeIDE\workspace_1.7.0\MCU\MCU_lab1\lab1_ex1\MXTmpFiles\system.tmp
2022-10-07 17:45:34,910 [INFO] CodeEngine:245 - oldGeneratedFile, C:\Users\legolas\STM32CubeIDE\workspace_1.7.0\MCU\MCU_lab1\lab1_ex1\Core\Inc\stm32f1xx_hal_conf.h_save
2022-10-07 17:45:35,078 [INFO] CodeEngine:269 - Generated code: C:\Users\legolas\STM32CubeIDE\workspace_1.7.0\MCU\MCU_lab1\lab1_ex1\Core\Inc\stm32f1xx_hal_conf.h
2022-10-07 17:45:35,131 [INFO] CodeEngine:245 - oldGeneratedFile, C:\Users\legolas\STM32CubeIDE\workspace_1.7.0\MCU\MCU_lab1\lab1_ex1\Core\Inc\main.h_save
2022-10-07 17:45:35,282 [INFO] CodeEngine:269 - Generated code: C:\Users\legolas\STM32CubeIDE\workspace_1.7.0\MCU\MCU_lab1\lab1_ex1\Core\Inc\main.h
2022-10-07 17:45:35,295 [INFO] CodeEngine:245 - oldGeneratedFile, C:\Users\legolas\STM32CubeIDE\workspace_1.7.0\MCU\MCU_lab1\lab1_ex1\Core\Src\main.c_save
2022-10-07 17:45:35,423 [INFO] CodeEngine:269 - Generated code: C:\Users\legolas\STM32CubeIDE\workspace_1.7.0\MCU\MCU_lab1\lab1_ex1\Core\Src\main.c
2022-10-07 17:45:36,293 [INFO] ProjectBuilder:2919 - Time for Copy HAL[1] : 235mS.
2022-10-07 17:45:36,298 [INFO] ProjectBuilder:4117 - Project Generator version: 3.17.1
2022-10-07 17:45:36,805 [INFO] ConfigFileManager:1394 - The Die is : DIE412
2022-10-07 17:45:38,553 [INFO] ProjectBuilder:4285 - Time for Generating toolchain IDE Files: 2255mS.
2022-10-07 17:45:38,554 [INFO] ProjectBuilder:2790 - Time for Copy CMSIS : 1mS.
2022-10-07 17:45:38,557 [INFO] ProjectBuilder:2790 - Time for Copy CMSIS : 1mS.
2022-10-07 18:02:51,778 [INFO] UtilMem:74 - End SaveConfig() Used Memory: 583342064 Bytes (881852416)
2022-10-07 18:02:52,803 [INFO] UtilMem:74 - End SaveConfig() Used Memory: 605167464 Bytes (881852416)
2022-10-07 18:02:54,238 [INFO] UtilMem:74 - End SaveConfig() Used Memory: 662179840 Bytes (881852416)
2022-10-07 18:02:54,497 [INFO] BlockDiagram:2753 - set Specific Code input for plugin: NVIC
2022-10-07 18:02:54,497 [INFO] BlockDiagram:2753 - set Specific Code input for plugin: GPIO
2022-10-07 18:02:54,497 [INFO] BlockDiagram:2753 - set Specific Code input for plugin: RCC
2022-10-07 18:02:54,498 [INFO] CodeGenerator:690 - code generatio: config db path: C:\ST\STM32CubeIDE_1.7.0\STM32CubeIDE\plugins\com.st.stm32cube.common.mx_6.6.1.202207061420\\db\
2022-10-07 18:02:54,684 [INFO] CodeEngine:245 - oldGeneratedFile, C:\Users\legolas\STM32CubeIDE\workspace_1.7.0\MCU\MCU_lab1\lab1_ex1\MXTmpFiles\license.tmp_save
2022-10-07 18:02:54,782 [INFO] CodeEngine:269 - Generated code: C:\Users\legolas\STM32CubeIDE\workspace_1.7.0\MCU\MCU_lab1\lab1_ex1\MXTmpFiles\license.tmp
2022-10-07 18:02:54,800 [INFO] CodeEngine:245 - oldGeneratedFile, C:\Users\legolas\STM32CubeIDE\workspace_1.7.0\MCU\MCU_lab1\lab1_ex1\MXTmpFiles\gpio.tmp_save
2022-10-07 18:02:54,886 [INFO] CodeEngine:269 - Generated code: C:\Users\legolas\STM32CubeIDE\workspace_1.7.0\MCU\MCU_lab1\lab1_ex1\MXTmpFiles\gpio.tmp
2022-10-07 18:02:54,900 [INFO] CodeEngine:245 - oldGeneratedFile, C:\Users\legolas\STM32CubeIDE\workspace_1.7.0\MCU\MCU_lab1\lab1_ex1\Core\Src\stm32f1xx_it.c_save
2022-10-07 18:02:54,974 [INFO] CodeEngine:269 - Generated code: C:\Users\legolas\STM32CubeIDE\workspace_1.7.0\MCU\MCU_lab1\lab1_ex1\Core\Src\stm32f1xx_it.c
2022-10-07 18:02:54,977 [INFO] CodeEngine:245 - oldGeneratedFile, C:\Users\legolas\STM32CubeIDE\workspace_1.7.0\MCU\MCU_lab1\lab1_ex1\Core\Inc\stm32f1xx_it.h_save
2022-10-07 18:02:55,032 [INFO] CodeEngine:269 - Generated code: C:\Users\legolas\STM32CubeIDE\workspace_1.7.0\MCU\MCU_lab1\lab1_ex1\Core\Inc\stm32f1xx_it.h
2022-10-07 18:02:55,059 [INFO] CodeEngine:245 - oldGeneratedFile, C:\Users\legolas\STM32CubeIDE\workspace_1.7.0\MCU\MCU_lab1\lab1_ex1\Core\Src\stm32f1xx_hal_msp.c_save
2022-10-07 18:02:55,140 [INFO] CodeEngine:269 - Generated code: C:\Users\legolas\STM32CubeIDE\workspace_1.7.0\MCU\MCU_lab1\lab1_ex1\Core\Src\stm32f1xx_hal_msp.c
2022-10-07 18:02:55,144 [INFO] CodeEngine:245 - oldGeneratedFile, C:\Users\legolas\STM32CubeIDE\workspace_1.7.0\MCU\MCU_lab1\lab1_ex1\MXTmpFiles\system.tmp_save
2022-10-07 18:02:55,194 [INFO] CodeEngine:269 - Generated code: C:\Users\legolas\STM32CubeIDE\workspace_1.7.0\MCU\MCU_lab1\lab1_ex1\MXTmpFiles\system.tmp
2022-10-07 18:02:55,212 [INFO] CodeEngine:245 - oldGeneratedFile, C:\Users\legolas\STM32CubeIDE\workspace_1.7.0\MCU\MCU_lab1\lab1_ex1\Core\Inc\stm32f1xx_hal_conf.h_save
2022-10-07 18:02:55,312 [INFO] CodeEngine:269 - Generated code: C:\Users\legolas\STM32CubeIDE\workspace_1.7.0\MCU\MCU_lab1\lab1_ex1\Core\Inc\stm32f1xx_hal_conf.h
2022-10-07 18:02:55,337 [INFO] CodeEngine:245 - oldGeneratedFile, C:\Users\legolas\STM32CubeIDE\workspace_1.7.0\MCU\MCU_lab1\lab1_ex1\Core\Inc\main.h_save
2022-10-07 18:02:55,413 [INFO] CodeEngine:269 - Generated code: C:\Users\legolas\STM32CubeIDE\workspace_1.7.0\MCU\MCU_lab1\lab1_ex1\Core\Inc\main.h
2022-10-07 18:02:55,423 [INFO] CodeEngine:245 - oldGeneratedFile, C:\Users\legolas\STM32CubeIDE\workspace_1.7.0\MCU\MCU_lab1\lab1_ex1\Core\Src\main.c_save
2022-10-07 18:02:55,519 [INFO] CodeEngine:269 - Generated code: C:\Users\legolas\STM32CubeIDE\workspace_1.7.0\MCU\MCU_lab1\lab1_ex1\Core\Src\main.c
2022-10-07 18:02:56,186 [INFO] ProjectBuilder:2919 - Time for Copy HAL[1] : 176mS.
2022-10-07 18:02:56,188 [INFO] ProjectBuilder:4117 - Project Generator version: 3.17.1
2022-10-07 18:02:56,378 [INFO] ConfigFileManager:1394 - The Die is : DIE412
2022-10-07 18:02:57,888 [INFO] ProjectBuilder:4285 - Time for Generating toolchain IDE Files: 1700mS.
2022-10-07 18:02:57,888 [INFO] ProjectBuilder:2790 - Time for Copy CMSIS : 0mS.
2022-10-07 18:02:57,890 [INFO] ProjectBuilder:2790 - Time for Copy CMSIS : 0mS.
